d:\gametech\build\nclgl\release\nclgl.pdb
d:\gametech\build\nclgl\release\shader.obj
d:\gametech\build\nclgl\release\rendernode.obj
d:\gametech\build\nclgl\release\quaternion.obj
d:\gametech\build\nclgl\release\plane.obj
d:\gametech\build\nclgl\release\oglrenderer.obj
d:\gametech\build\nclgl\release\objmesh.obj
d:\gametech\build\nclgl\release\mouse.obj
d:\gametech\build\nclgl\release\mesh.obj
d:\gametech\build\nclgl\release\md5node.obj
d:\gametech\build\nclgl\release\md5mesh.obj
d:\gametech\build\nclgl\release\md5filedata.obj
d:\gametech\build\nclgl\release\md5anim.obj
d:\gametech\build\nclgl\release\matrix4.obj
d:\gametech\build\nclgl\release\matrix3.obj
d:\gametech\build\nclgl\release\keyboard.obj
d:\gametech\build\nclgl\release\heightmap.obj
d:\gametech\build\nclgl\release\gametimer.obj
d:\gametech\build\nclgl\release\frustum.obj
d:\gametech\build\nclgl\release\cuberobot.obj
d:\gametech\build\nclgl\release\camera.obj
d:\gametech\build\nclgl\release\ncldebug.obj
d:\gametech\build\nclgl\release\window.obj
d:\gametech\build\release\nclgl.lib
d:\gametech\build\nclgl\release\nclgl.tlog\cl.command.1.tlog
d:\gametech\build\nclgl\release\nclgl.tlog\cl.read.1.tlog
d:\gametech\build\nclgl\release\nclgl.tlog\cl.write.1.tlog
d:\gametech\build\nclgl\release\nclgl.tlog\lib-link.read.1.tlog
d:\gametech\build\nclgl\release\nclgl.tlog\lib-link.write.1.tlog
d:\gametech\build\nclgl\release\nclgl.tlog\lib.command.1.tlog
